<?xml version="1.0" encoding="UTF-8"?>
<!-- Generated by org.testng.reporters.JUnitReportReporter -->
<testsuite skipped="0" hostname="DESKTOP-9HTRVJE" name="com.testng.ex.Linkscounttest" tests="1" failures="0" timestamp="27 Feb 2018 05:50:37 GMT" time="16.979" errors="0">
  <testcase name="test1" time="16.979" classname="com.testng.ex.Linkscounttest"/>
</testsuite> <!-- com.testng.ex.Linkscounttest -->
