<?xml version="1.0" encoding="UTF-8"?>
<!-- Generated by org.testng.reporters.JUnitReportReporter -->
<testsuite skipped="0" hostname="DESKTOP-9HTRVJE" name="com.testng.ex.NewTest" tests="1" failures="0" timestamp="26 Feb 2018 07:09:14 GMT" time="83.909" errors="0">
  <testcase name="test1" time="83.909" classname="com.testng.ex.NewTest"/>
</testsuite> <!-- com.testng.ex.NewTest -->
